Initial generation complete.
00000000000000000000000000000000000000000000000000
0##########        ///////////###################0
0##########       ////////////###################0
0/#########       ////////////################## 0
0//#########     /////////////################## 0
0//#########    //////////////#################  0
0///########   ///////////////#################  0
0////########  ///////////////################   0
0/////####### ////////////////################   0
0//////######/////////////////###############    0
0///////#####/////////////////##############     0
0///////#####/////////////////##############     0
0////////####/////////////////#############      0
00000000000000000000000000000000000000000000000000
Finished secondary pass.
00000000000000000000000000000000000000000000000000
0##########        //////≈≈≈≈≈###################0
0##########       //////≈≈≈≈≈≈###################0
0/#########       /////≈≈≈≈≈≈≈################## 0
0//#########     /////≈≈≈≈≈≈≈≈≈################# 0
0//#########    /////≈≈≈≈≈≈≈≈≈≈################  0
0///########   /////≈≈≈≈≈≈≈≈≈≈#################  0
0////########  /////≈≈≈≈≈≈≈≈≈≈################   0
0/////####### /////≈≈≈≈≈≈≈≈≈≈/################   0
0//////######//////≈≈≈≈≈≈≈≈///###############    0
0///////#####//////≈≈≈≈≈≈/////##############     0
0///////#####/////////≈///////##############     0
0////////####/////////////////#############      0
00000000000000000000000000000000000000000000000000
Finished secondary pass.
00000000000000000000000000000000000000000000000000
0#######∆##        //////≈≈≈≈≈######*############0
0######∆∆∆#       //////≈≈≈≈≈≈####*****##########0
0/######∆##       /////≈≈≈≈≈≈≈####*****######### 0
0//#########     /////≈≈≈≈≈≈≈≈≈##******######### 0
0//#########    /////≈≈≈≈≈≈≈≈≈≈###****#########  0
0///########   /////≈≈≈≈≈≈≈≈≈≈####***##########  0
0////########  /////≈≈≈≈≈≈≈≈≈≈################   0
0/////####### /////≈≈≈≈≈≈≈≈≈≈/#####*##########   0
0//////##****//////≈≈≈≈≈≈≈≈///###*****∆######    0
0///////*****//////≈≈≈≈≈≈/////###****∆∆∆####     0
0///////#****/////////≈///////##******∆#####     0
0////////****/////////////////##*******####      0
00000000000000000000000000000000000000000000000000
Finished secondary pass.
00000000000000000000000000000000000000000000000000
0/////##∆##        //////≈≈≈≈≈###//////##########0
0//////∆∆∆#       //////≈≈≈≈≈≈###//////##########0
0//////#∆##       /////≈≈≈≈≈≈≈####////*######### 0
0//////#####     /////≈≈≈≈≈≈≈≈≈##******######### 0
0//////#####    /////≈≈≈≈≈≈≈≈≈≈###****#########  0
0//////#####   /////≈≈≈≈≈≈≈≈≈≈####***##########  0
0/////#######  /////≈≈≈≈≈≈≈≈≈≈################   0
0/////####### /////≈≈≈≈≈≈≈≈≈≈/#####*##########   0
0//////##****//////≈≈≈≈≈≈≈≈///###*****∆######    0
0///////*****//////≈≈≈≈≈≈/////###****∆∆∆####     0
0///////#****/////////≈///////##******∆#####     0
0////////****/////////////////##*******####      0
00000000000000000000000000000000000000000000000000
Finished 2N+1 expansion of grid.
000000000000000000000000000000000000000000000000000000000000000000000000000000000000000000000000000
0//////////####∆∆∆####               /////////////≈≈≈≈≈≈≈≈≈≈######///////////#####################0
0//////////#####∆∆####               /////////////≈≈≈≈≈≈≈≈≈≈######///////////#####################0
0////////////∆∆∆∆∆####               ////////////≈≈≈≈≈≈≈≈≈≈≈#####////////////#####################0
0/////////////∆∆∆∆∆##               ///////////≈≈≈≈≈≈≈≈≈≈≈≈#######////////////####################0
0////////////###∆####              ///////////≈≈≈≈≈≈≈≈≈≈≈≈≈#######/////////***##################  0
0////////////##∆∆∆###              ///////////≈≈≈≈≈≈≈≈≈≈≈≈≈≈#######/////////**#################   0
0////////////###∆####              ////////≈≈/≈≈≈≈≈≈≈≈≈≈≈≈≈≈≈#####*/*/*///****##################  0
0/////////////##########          /////////≈≈≈≈≈≈≈≈≈≈≈≈≈≈≈≈≈≈≈####************##################  0
0////////////###########         //////////≈≈≈≈≈≈≈≈≈≈≈≈≈≈≈≈≈≈####*************################ #  0
0////////////###########        /////////≈≈≈≈≈≈≈≈≈≈≈≈≈≈≈≈≈≈≈≈≈######********##################    0
0////////////##########      ////////////≈≈≈≈≈≈≈≈≈≈≈≈≈≈≈≈≈≈≈#######********###################    0
0/////////////##########     ///////////≈≈≈≈≈≈≈≈≈≈≈≈≈≈≈≈≈≈≈≈#######*******####################    0
0////////////#############   //////////≈≈≈≈≈≈≈≈≈≈≈≈≈≈≈≈≈≈≈≈≈#######***#*#*#################       0
0///////////##############    //////////≈≈≈≈≈≈≈≈≈≈≈≈≈≈≈≈≈≈≈≈###############################       0
0///////////##############  / /////////≈≈≈≈≈≈≈≈≈≈≈≈≈≈≈≈≈≈//################################       0
0///////////##############  /////////≈≈≈≈≈≈≈≈≈≈≈≈≈≈≈≈≈≈≈≈//###########*####################       0
0///////////#######**####// /////////≈≈≈≈≈≈≈≈≈≈≈≈≈≈≈≈≈≈/////#######**#***#*∆∆##############       0
0/////////////###********/////////////≈≈≈≈≈≈≈≈≈≈≈≈≈≈≈///////######*********∆∆#############        0
0//////////////##*********////////////≈≈≈≈≈≈≈≈≈≈≈//≈≈≈/////#######********∆∆∆∆∆##########         0
0///////////////**********///////////≈≈≈≈≈≈≈≈≈≈≈≈//////////#######********∆∆∆∆∆#########          0
0///////////////*********////////////≈≈≈≈≈/≈≈≈≈/////////////#####*********∆*∆∆#########           0
0///////////////#*********/////////////////≈≈≈/////////////####*************∆∆#########           0
0////////////////*********//////////////////≈≈/////////////#####*************∆#########           0
0/////////////////********/////////////////////////////////#####**************########            0
0/////////////////********/////////////////////////////////#####**************#######             0
000000000000000000000000000000000000000000000000000000000000000000000000000000000000000000000000000
Finished secondary pass.
000000000000000000000000000000000000000000000000000000000000000000000000000000000000000000000000000
0//////////####∆∆∆#### ¥ ¥     ¥     /////////////≈≈≈≈≈≈≈≈≈≈######///////////#####################0
0//////////#####∆∆####  ¥  ¥  ¥    ¥ /////////////≈≈≈≈≈≈≈≈≈≈######///////////#####################0
0////////////∆∆∆∆∆####      ¥     ¥  ////////////≈≈≈≈≈≈≈≈≈≈≈#####////////////#####################0
0/////////////∆∆∆∆∆##  ¥¥           ///////////≈≈≈≈≈≈≈≈≈≈≈≈#######////////////####################0
0////////////###∆####        ¥   ¥¥///////////≈≈≈≈≈≈≈≈≈≈≈≈≈#######/////////***################## ¥0
0////////////##∆∆∆###¥¥    ¥       ///////////≈≈≈≈≈≈≈≈≈≈≈≈≈≈#######/////////**#################  ¥0
0////////////###∆#### ¥   ¥ ¥¥  ¥  ////////≈≈/≈≈≈≈≈≈≈≈≈≈≈≈≈≈≈#####*/*/*///****##################  0
0/////////////##########  ¥       /////////≈≈≈≈≈≈≈≈≈≈≈≈≈≈≈≈≈≈≈####************##################  0
0////////////###########         //////////≈≈≈≈≈≈≈≈≈≈≈≈≈≈≈≈≈≈####*************################ #  0
0////////////###########  ¥    ¥/////////≈≈≈≈≈≈≈≈≈≈≈≈≈≈≈≈≈≈≈≈≈######********##################    0
0////////////##########¥  ¥  ////////////≈≈≈≈≈≈≈≈≈≈≈≈≈≈≈≈≈≈≈#######********###################    0
0/////////////########## ¥¥  ///////////≈≈≈≈≈≈≈≈≈≈≈≈≈≈≈≈≈≈≈≈#######*******####################¥¥  0
0////////////#############¥  //////////≈≈≈≈≈≈≈≈≈≈≈≈≈≈≈≈≈≈≈≈≈#######***#*#*#################¥    ¥ 0
0///////////##############¥   //////////≈≈≈≈≈≈≈≈≈≈≈≈≈≈≈≈≈≈≈≈###############################    ¥  0
0///////////##############  /¥/////////≈≈≈≈≈≈≈≈≈≈≈≈≈≈≈≈≈≈//################################¥     ¥0
0///////////##############  /////////≈≈≈≈≈≈≈≈≈≈≈≈≈≈≈≈≈≈≈≈//###########*####################   ¥ ¥ 0
0///////////#######**####// /////////≈≈≈≈≈≈≈≈≈≈≈≈≈≈≈≈≈≈/////#######**#***#*∆∆##############    ¥  0
0/////////////###********/////////////≈≈≈≈≈≈≈≈≈≈≈≈≈≈≈///////######*********∆∆#############¥     ¥ 0
0//////////////##*********////////////≈≈≈≈≈≈≈≈≈≈≈//≈≈≈/////#######********∆∆∆∆∆##########     ¥  ¥0
0///////////////**********///////////≈≈≈≈≈≈≈≈≈≈≈≈//////////#######********∆∆∆∆∆#########    ¥   ¥ 0
0///////////////*********////////////≈≈≈≈≈/≈≈≈≈/////////////#####*********∆*∆∆#########   ¥   ¥   0
0///////////////#*********/////////////////≈≈≈/////////////####*************∆∆#########      ¥    0
0////////////////*********//////////////////≈≈/////////////#####*************∆#########  ¥¥     ¥¥0
0/////////////////********/////////////////////////////////#####**************######## ¥ ¥¥ ¥  ¥  0
0/////////////////********/////////////////////////////////#####**************####### ¥  ¥¥      ¥0
000000000000000000000000000000000000000000000000000000000000000000000000000000000000000000000000000
Completed grid size: (97 x 25)
